PTITeX 3.4, (c) Personal TeX, Inc. 1985-1998
This is TeX 3.14159 (preloaded format=PLAIN 2.8.26)  18 DEC 2006 19:38
**&PLAIN C:/ftpdown/abyss308.TEX
(C:\ftpdown\abyss308.TEX  [1] [2] [3] [4] [5] [6] [7] [8] [9] [10] [11]
Missing character: There is no ^^96 in font cmr10!

[12]
Missing character: There is no ^^96 in font cmr10!
Missing character: There is no ^^96 in font cmr10!
Missing character: There is no ^^96 in font cmr10!
Missing character: There is no ^^96 in font cmr10!
Missing character: There is no ^^96 in font cmr10!
Missing character: There is no ^^96 in font cmr10!
Missing character: There is no ^^96 in font cmr10!
Missing character: There is no ^^96 in font cmr10!
Missing character: There is no ^^96 in font cmr10!
Missing character: There is no ^^92 in font cmr10!
Missing character: There is no ^^96 in font cmr10!
Missing character: There is no ^^96 in font cmr10!
Missing character: There is no ^^96 in font cmr10!
Missing character: There is no ^^96 in font cmr10!
Missing character: There is no ^^96 in font cmr10!
Missing character: There is no ^^96 in font cmr10!
Missing character: There is no ^^96 in font cmr10!
Missing character: There is no ^^96 in font cmr10!
Missing character: There is no ^^96 in font cmr10!
Missing character: There is no ^^96 in font cmr10!
Missing character: There is no ^^96 in font cmr10!
Missing character: There is no ^^96 in font cmr10!
Missing character: There is no ^^96 in font cmr10!
 [13]
Missing character: There is no ^^96 in font cmr10!
Missing character: There is no ^^96 in font cmr10!
Missing character: There is no ^^96 in font cmr10!
Missing character: There is no ^^96 in font cmr10!
Missing character: There is no ^^96 in font cmr10!
Missing character: There is no ^^96 in font cmr10!
Missing character: There is no ^^96 in font cmr10!
Missing character: There is no ^^96 in font cmr10!
Missing character: There is no ^^96 in font cmr10!
Missing character: There is no ^^96 in font cmr10!
Missing character: There is no ^^96 in font cmr10!
Missing character: There is no ^^96 in font cmr10!
Missing character: There is no ^^96 in font cmr10!
Missing character: There is no ^^96 in font cmr10!
Missing character: There is no ^^96 in font cmr10!
Missing character: There is no ^^96 in font cmr10!
Missing character: There is no ^^96 in font cmr10!
Missing character: There is no ^^96 in font cmr10!
Missing character: There is no ^^96 in font cmr10!
Missing character: There is no ^^96 in font cmr10!
Missing character: There is no ^^96 in font cmr10!
Missing character: There is no ^^96 in font cmr10!
Missing character: There is no ^^96 in font cmr10!
Missing character: There is no ^^96 in font cmr10!
Missing character: There is no ^^96 in font cmr10!
Missing character: There is no ^^96 in font cmr10!
Missing character: There is no ^^96 in font cmr10!
Missing character: There is no ^^96 in font cmr10!
Missing character: There is no ^^96 in font cmr10!
Missing character: There is no ^^96 in font cmr10!
Missing character: There is no ^^96 in font cmr10!
Missing character: There is no ^^96 in font cmr10!
Missing character: There is no ^^96 in font cmr10!
Missing character: There is no ^^92 in font cmr10!
Missing character: There is no ^^96 in font cmr10!
Missing character: There is no ^^96 in font cmr10!
Missing character: There is no ^^96 in font cmr10!
Missing character: There is no ^^92 in font cmr10!
 [14]
Missing character: There is no ^^96 in font cmr10!
Missing character: There is no ^^92 in font cmr10!
Missing character: There is no ^^96 in font cmr10!
Missing character: There is no ^^96 in font cmr10!
Missing character: There is no ^^96 in font cmr10!
Missing character: There is no ^^96 in font cmr10!
Missing character: There is no ^^96 in font cmr10!
Missing character: There is no ^^96 in font cmr10!
Missing character: There is no ^^96 in font cmr10!
Missing character: There is no ^^96 in font cmr10!
Missing character: There is no ^^96 in font cmr10!
Missing character: There is no ^^96 in font cmr10!
Missing character: There is no ^^96 in font cmr10!
Missing character: There is no ^^96 in font cmr10!
Missing character: There is no ^^96 in font cmr10!
Missing character: There is no ^^96 in font cmr10!
Missing character: There is no ^^96 in font cmr10!
Missing character: There is no ^^96 in font cmr10!
Missing character: There is no ^^96 in font cmr10!
Missing character: There is no ^^96 in font cmr10!
Missing character: There is no ^^96 in font cmr10!
Missing character: There is no ^^96 in font cmr10!
 [15]
Missing character: There is no ^^92 in font cmr10!
Missing character: There is no ^^92 in font cmr10!
 [16] [17] [18] [19] )
Output written on C:\ftpdown\abyss308.dvi (19 pages, 86712 bytes).
