This is pdfeTeXk, Version 3.141592-1.20a-2.2 (Web2c 7.5.3) (format=PLAIN 2007.6.1)  5 FEB 2008 18:04
 Source specials enabled.
 %&-line parsing enabled.
**&plain abyss313.tex
(./abyss313.tex  [1{c:/Program Files/PCTeX/PCTeXv6/texmf-var/fonts/map/./pdftex
.map}] [2] [3] [4] [5] [6] [7] [8]
Missing character: There is no – in font cmr10!
Missing character: There is no ’ in font cmr10!
 [9]
Missing character: There is no ’ in font cmr10!
 [10] [11]
Missing character: There is no ’ in font cmr10!
Missing character: There is no … in font cmr10!
 [12] [13] [14] [15] [16]
[17] [18] )<c:/Program Files/PCTeX/PCTeXv6/texmf-dist/fonts/type1/bluesky/cm/cm
bx10.pfb><c:/Program Files/PCTeX/PCTeXv6/texmf-dist/fonts/type1/bluesky/cm/cmti
10.pfb><c:/Program Files/PCTeX/PCTeXv6/texmf-dist/fonts/type1/bluesky/cm/cmr10.
pfb><c:/Program Files/PCTeX/PCTeXv6/texmf-dist/fonts/type1/bluesky/cm/cmbx12.pf
b>
Output written on abyss313.pdf (18 pages, 133397 bytes).
