PTITeX 3.4, (c) Personal TeX, Inc. 1985-1998
This is TeX 3.14159 (preloaded format=PLAIN 2.8.26)  2 MAR 2007 19:20
**&PLAIN A:/abyss309.TEX
(A:\abyss309.TEX  [1] [2] [3] [4] [5] [6] [7] [8] [9]
Missing character: There is no ^^92 in font cmr10!
Missing character: There is no ^^92 in font cmr10!
Missing character: There is no ^^92 in font cmr10!
Missing character: There is no ^^e9 in font cmr10!
Missing character: There is no ^^92 in font cmr10!
Missing character: There is no ^^92 in font cmr10!
Missing character: There is no ^^91 in font cmr10!
Missing character: There is no ^^85 in font cmr10!
Missing character: There is no ^^92 in font cmr10!
Missing character: There is no ^^92 in font cmr10!
Missing character: There is no ^^92 in font cmr10!
Missing character: There is no ^^92 in font cmr10!
Missing character: There is no ^^92 in font cmr10!
Missing character: There is no ^^92 in font cmr10!
Missing character: There is no ^^92 in font cmr10!
Missing character: There is no ^^92 in font cmr10!
Missing character: There is no ^^92 in font cmr10!
Missing character: There is no ^^92 in font cmr10!
Missing character: There is no ^^92 in font cmr10!
Missing character: There is no ^^92 in font cmr10!
Missing character: There is no ^^92 in font cmr10!
 [10]
Missing character: There is no ^^92 in font cmr10!
Missing character: There is no ^^92 in font cmr10!
Missing character: There is no ^^92 in font cmr10!
Missing character: There is no ^^92 in font cmr10!
Missing character: There is no ^^92 in font cmr10!
Missing character: There is no ^^92 in font cmr10!
Missing character: There is no ^^92 in font cmr10!
Missing character: There is no ^^92 in font cmr10!
Missing character: There is no ^^92 in font cmr10!
Missing character: There is no ^^92 in font cmr10!
Missing character: There is no ^^92 in font cmr10!
Missing character: There is no ^^92 in font cmr10!
Missing character: There is no ^^92 in font cmr10!
Missing character: There is no ^^92 in font cmr10!
Missing character: There is no ^^92 in font cmr10!
Missing character: There is no ^^92 in font cmr10!
Missing character: There is no ^^92 in font cmr10!
Missing character: There is no ^^92 in font cmr10!
 [11] [12] [13]
[14] [15] )
Output written on A:\abyss309.dvi (15 pages, 74236 bytes).
