PTITeX 3.4, (c) Personal TeX, Inc. 1985-1998
This is TeX 3.14159 (preloaded format=PLAIN 2.8.26)  13 NOV 2006 19:36
**&PLAIN A:/abyss307.TEX
(A:\abyss307.TEX  [1] [2] [3] [4] [5] [6] [7] [8] [9] [10] [11] [12] [13]
[14] [15] [16] [17] [18] [19] [20]
Missing character: There is no ^^92 in font cmr10!
Missing character: There is no ^^92 in font cmr10!
Missing character: There is no ^^96 in font cmr10!
Missing character: There is no ^^96 in font cmr10!
Missing character: There is no ^^92 in font cmr10!
 [21]
Missing character: There is no ^^92 in font cmr10!
Missing character: There is no ^^96 in font cmr10!
Missing character: There is no ^^96 in font cmr10!
Missing character: There is no ^^92 in font cmr10!
 [22]
Missing character: There is no ^^92 in font cmr10!
Missing character: There is no ^^92 in font cmr10!
Missing character: There is no ^^92 in font cmr10!
Missing character: There is no ^^96 in font cmr10!
Missing character: There is no ^^96 in font cmr10!
Missing character: There is no ^^92 in font cmr10!
Missing character: There is no ^^92 in font cmr10!
Missing character: There is no ^^92 in font cmr10!
Missing character: There is no ^^92 in font cmr10!
 [23] [24] [25] [26] [27] )
Output written on A:\abyss307.dvi (27 pages, 142356 bytes).
