1-way: 1330 ==  54.35%
2-way:  171 ==   6.99%
3-way:  610 ==  24.93%
4-way:  266 ==  10.87%
5-way:   58 ==   2.37%
6-way:   10 ==   0.41%
7-way:    2 ==   0.08%
total: 2447 == 100.00%
Austria
	1-way:  185 ==   7.56%
	2-way:   47 ==   1.92%
	3-way:  217 ==   8.87%
	4-way:  134 ==   5.48%
	5-way:   34 ==   1.39%
	6-way:    7 ==   0.29%
	7-way:    2 ==   0.08%
	total:  626 ==  25.58%
England
	1-way:  178 ==   7.27%
	2-way:   61 ==   2.49%
	3-way:  286 ==  11.69%
	4-way:  167 ==   6.82%
	5-way:   46 ==   1.88%
	6-way:   10 ==   0.41%
	7-way:    2 ==   0.08%
	total:  750 ==  30.65%
France
	1-way:  240 ==   9.81%
	2-way:   58 ==   2.37%
	3-way:  342 ==  13.98%
	4-way:  206 ==   8.42%
	5-way:   48 ==   1.96%
	6-way:    9 ==   0.37%
	7-way:    2 ==   0.08%
	total:  905 ==  36.98%
Germany
	1-way:  198 ==   8.09%
	2-way:   38 ==   1.55%
	3-way:  270 ==  11.03%
	4-way:  145 ==   5.93%
	5-way:   40 ==   1.63%
	6-way:    8 ==   0.33%
	7-way:    2 ==   0.08%
	total:  701 ==  28.65%
Italy
	1-way:  115 ==   4.70%
	2-way:   38 ==   1.55%
	3-way:  235 ==   9.60%
	4-way:  137 ==   5.60%
	5-way:   44 ==   1.80%
	6-way:    8 ==   0.33%
	7-way:    2 ==   0.08%
	total:  579 ==  23.66%
Russia
	1-way:  193 ==   7.89%
	2-way:   44 ==   1.80%
	3-way:  181 ==   7.40%
	4-way:  121 ==   4.94%
	5-way:   41 ==   1.68%
	6-way:    9 ==   0.37%
	7-way:    2 ==   0.08%
	total:  591 ==  24.15%
Turkey
	1-way:  221 ==   9.03%
	2-way:   56 ==   2.29%
	3-way:  299 ==  12.22%
	4-way:  154 ==   6.29%
	5-way:   37 ==   1.51%
	6-way:    9 ==   0.37%
	7-way:    2 ==   0.08%
	total:  778 ==  31.79%
